  Utilities.cpp
c:\users\jmc\downloads\frame_d11 (frame buffer object) - end2 (end of class)\frame_d11 (frame buffer object) - end2\firstopengl\utilities.cpp(263): warning C4267: 'argument': conversion from 'size_t' to 'unsigned int', possible loss of data
  TheMain.cpp
  CTextureFromBMP.cpp
  cBasicTextureManager.cpp
  C24BitBMPpixel.cpp
  Render.cpp
  CVector3f.cpp
  CStringHelper.cpp
  CPlyFile5nt_experimental.cpp
  CPlyFile5nt.cpp
  LoadObjectsIntoScene.cpp
  CLightDescription.cpp
  CGLColourHelper.cpp
  key_callback.cpp
  GlobalStuff.cpp
  cShaderManager.cpp
  cShader.cpp
  cParticleEmitter.cpp
  cMeshTypeManager_DynamicMesh.cpp
c:\users\jmc\downloads\frame_d11 (frame buffer object) - end2 (end of class)\frame_d11 (frame buffer object) - end2\firstopengl\cmeshtypemanager_dynamicmesh.cpp(244): warning C4312: 'reinterpret_cast': conversion from 'int' to 'void *' of greater size
c:\users\jmc\downloads\frame_d11 (frame buffer object) - end2 (end of class)\frame_d11 (frame buffer object) - end2\firstopengl\cmeshtypemanager_dynamicmesh.cpp(253): warning C4312: 'reinterpret_cast': conversion from 'int' to 'void *' of greater size
c:\users\jmc\downloads\frame_d11 (frame buffer object) - end2 (end of class)\frame_d11 (frame buffer object) - end2\firstopengl\cmeshtypemanager_dynamicmesh.cpp(261): warning C4312: 'reinterpret_cast': conversion from 'int' to 'void *' of greater size
c:\users\jmc\downloads\frame_d11 (frame buffer object) - end2 (end of class)\frame_d11 (frame buffer object) - end2\firstopengl\cmeshtypemanager_dynamicmesh.cpp(269): warning C4312: 'reinterpret_cast': conversion from 'int' to 'void *' of greater size
  cMeshTypeManager_DebugLineBuffer.cpp
c:\users\jmc\downloads\frame_d11 (frame buffer object) - end2 (end of class)\frame_d11 (frame buffer object) - end2\firstopengl\cmeshtypemanager_debuglinebuffer.cpp(56): warning C4312: 'reinterpret_cast': conversion from 'int' to 'void *' of greater size
c:\users\jmc\downloads\frame_d11 (frame buffer object) - end2 (end of class)\frame_d11 (frame buffer object) - end2\firstopengl\cmeshtypemanager_debuglinebuffer.cpp(65): warning C4312: 'reinterpret_cast': conversion from 'int' to 'void *' of greater size
c:\users\jmc\downloads\frame_d11 (frame buffer object) - end2 (end of class)\frame_d11 (frame buffer object) - end2\firstopengl\cmeshtypemanager_debuglinebuffer.cpp(73): warning C4312: 'reinterpret_cast': conversion from 'int' to 'void *' of greater size
c:\users\jmc\downloads\frame_d11 (frame buffer object) - end2 (end of class)\frame_d11 (frame buffer object) - end2\firstopengl\cmeshtypemanager_debuglinebuffer.cpp(81): warning C4312: 'reinterpret_cast': conversion from 'int' to 'void *' of greater size
  Generating Code...
  Compiling...
  cMeshTypeManager.cpp
c:\users\jmc\downloads\frame_d11 (frame buffer object) - end2 (end of class)\frame_d11 (frame buffer object) - end2\firstopengl\cmeshtypemanager.cpp(354): warning C4312: 'reinterpret_cast': conversion from 'int' to 'void *' of greater size
c:\users\jmc\downloads\frame_d11 (frame buffer object) - end2 (end of class)\frame_d11 (frame buffer object) - end2\firstopengl\cmeshtypemanager.cpp(363): warning C4312: 'reinterpret_cast': conversion from 'int' to 'void *' of greater size
c:\users\jmc\downloads\frame_d11 (frame buffer object) - end2 (end of class)\frame_d11 (frame buffer object) - end2\firstopengl\cmeshtypemanager.cpp(371): warning C4312: 'reinterpret_cast': conversion from 'int' to 'void *' of greater size
c:\users\jmc\downloads\frame_d11 (frame buffer object) - end2 (end of class)\frame_d11 (frame buffer object) - end2\firstopengl\cmeshtypemanager.cpp(379): warning C4312: 'reinterpret_cast': conversion from 'int' to 'void *' of greater size
  CHRTimer.cpp
  cGameObject.cpp
  Generating Code...
  glad.c
key_callback.obj : error LNK2019: unresolved external symbol glfwSetWindowShouldClose referenced in function "void __cdecl key_callback(struct GLFWwindow *,int,int,int,int)" (?key_callback@@YAXPEAUGLFWwindow@@HHHH@Z)
key_callback.obj : error LNK2019: unresolved external symbol glfwSetWindowTitle referenced in function "void __cdecl key_callback(struct GLFWwindow *,int,int,int,int)" (?key_callback@@YAXPEAUGLFWwindow@@HHHH@Z)
TheMain.obj : error LNK2019: unresolved external symbol glfwInit referenced in function main
TheMain.obj : error LNK2019: unresolved external symbol glfwTerminate referenced in function main
TheMain.obj : error LNK2019: unresolved external symbol glfwSetErrorCallback referenced in function main
TheMain.obj : error LNK2019: unresolved external symbol glfwWindowHint referenced in function main
TheMain.obj : error LNK2019: unresolved external symbol glfwCreateWindow referenced in function main
TheMain.obj : error LNK2019: unresolved external symbol glfwDestroyWindow referenced in function main
TheMain.obj : error LNK2019: unresolved external symbol glfwWindowShouldClose referenced in function main
TheMain.obj : error LNK2019: unresolved external symbol glfwGetFramebufferSize referenced in function main
TheMain.obj : error LNK2019: unresolved external symbol glfwPollEvents referenced in function main
TheMain.obj : error LNK2019: unresolved external symbol glfwSetKeyCallback referenced in function main
TheMain.obj : error LNK2019: unresolved external symbol glfwGetTime referenced in function main
TheMain.obj : error LNK2019: unresolved external symbol glfwMakeContextCurrent referenced in function main
TheMain.obj : error LNK2019: unresolved external symbol glfwSwapBuffers referenced in function main
TheMain.obj : error LNK2019: unresolved external symbol glfwSwapInterval referenced in function main
TheMain.obj : error LNK2019: unresolved external symbol glfwGetProcAddress referenced in function main
lib\Debug\glfw3.lib : warning LNK4272: library machine type 'X86' conflicts with target machine type 'x64'
C:\Users\JMC\Downloads\Frame_D11 (Frame Buffer Object) - end2 (end of class)\Frame_D11 (Frame Buffer Object) - end2\x64\Debug\FirstOpenGL.exe : fatal error LNK1120: 17 unresolved externals
