c:\users\jmc\maingameenginework\firstopengl\debug\vc140.pdb
c:\users\jmc\maingameenginework\firstopengl\debug\vc140.idb
c:\users\jmc\maingameenginework\firstopengl\debug\cmeshtypemanager_dynamicmesh.obj
c:\users\jmc\maingameenginework\firstopengl\debug\cparticleemitter.obj
c:\users\jmc\maingameenginework\firstopengl\debug\cshader.obj
c:\users\jmc\maingameenginework\firstopengl\debug\cshadermanager.obj
c:\users\jmc\maingameenginework\firstopengl\debug\globalstuff.obj
c:\users\jmc\maingameenginework\firstopengl\debug\key_callback.obj
c:\users\jmc\maingameenginework\firstopengl\debug\cglcolourhelper.obj
c:\users\jmc\maingameenginework\firstopengl\debug\clightdescription.obj
c:\users\jmc\maingameenginework\firstopengl\debug\loadobjectsintoscene.obj
c:\users\jmc\maingameenginework\firstopengl\debug\loadphysicsconfiguration.obj
c:\users\jmc\maingameenginework\firstopengl\debug\cplyfile5nt.obj
c:\users\jmc\maingameenginework\firstopengl\debug\cplyfile5nt_experimental.obj
c:\users\jmc\maingameenginework\firstopengl\debug\cstringhelper.obj
c:\users\jmc\maingameenginework\firstopengl\debug\cvector3f.obj
c:\users\jmc\maingameenginework\firstopengl\debug\render.obj
c:\users\jmc\maingameenginework\firstopengl\debug\c24bitbmppixel.obj
c:\users\jmc\maingameenginework\firstopengl\debug\cbasictexturemanager.obj
c:\users\jmc\maingameenginework\firstopengl\debug\ctexturefrombmp.obj
c:\users\jmc\maingameenginework\firstopengl\debug\themain.obj
c:\users\jmc\maingameenginework\firstopengl\debug\utilities.obj
c:\users\jmc\maingameenginework\firstopengl\debug\ccamera.obj
c:\users\jmc\maingameenginework\firstopengl\debug\cgameobject.obj
c:\users\jmc\maingameenginework\firstopengl\debug\chrtimer.obj
c:\users\jmc\maingameenginework\firstopengl\debug\cmeshtypemanager.obj
c:\users\jmc\maingameenginework\firstopengl\debug\cmeshtypemanager_debuglinebuffer.obj
c:\users\jmc\maingameenginework\firstopengl\debug\glad.obj
c:\users\jmc\maingameenginework\debug\jengine.ilk
c:\users\jmc\maingameenginework\debug\jengine.exe
c:\users\jmc\maingameenginework\debug\jengine.pdb
c:\users\jmc\maingameenginework\firstopengl\debug\firstopengl.vcxprojresolveassemblyreference.cache
c:\users\jmc\maingameenginework\firstopengl\debug\jengine.tlog\cl.command.1.tlog
c:\users\jmc\maingameenginework\firstopengl\debug\jengine.tlog\cl.read.1.tlog
c:\users\jmc\maingameenginework\firstopengl\debug\jengine.tlog\cl.write.1.tlog
c:\users\jmc\maingameenginework\firstopengl\debug\jengine.tlog\link.command.1.tlog
c:\users\jmc\maingameenginework\firstopengl\debug\jengine.tlog\link.read.1.tlog
c:\users\jmc\maingameenginework\firstopengl\debug\jengine.tlog\link.write.1.tlog
