c:\users\jmc\downloads\maingameenginework(2)\maingameenginework\firstopengl\release\vc140.pdb
c:\users\jmc\downloads\maingameenginework(2)\maingameenginework\firstopengl\release\render.obj
c:\users\jmc\downloads\maingameenginework(2)\maingameenginework\firstopengl\release\cvector3f.obj
c:\users\jmc\downloads\maingameenginework(2)\maingameenginework\firstopengl\release\cstringhelper.obj
c:\users\jmc\downloads\maingameenginework(2)\maingameenginework\firstopengl\release\cplyfile5nt_experimental.obj
c:\users\jmc\downloads\maingameenginework(2)\maingameenginework\firstopengl\release\cplyfile5nt.obj
c:\users\jmc\downloads\maingameenginework(2)\maingameenginework\firstopengl\release\loadphysicsconfiguration.obj
c:\users\jmc\downloads\maingameenginework(2)\maingameenginework\firstopengl\release\loadobjectsintoscene.obj
c:\users\jmc\downloads\maingameenginework(2)\maingameenginework\firstopengl\release\clightdescription.obj
c:\users\jmc\downloads\maingameenginework(2)\maingameenginework\firstopengl\release\cglcolourhelper.obj
c:\users\jmc\downloads\maingameenginework(2)\maingameenginework\firstopengl\release\key_callback.obj
c:\users\jmc\downloads\maingameenginework(2)\maingameenginework\firstopengl\release\globalstuff.obj
c:\users\jmc\downloads\maingameenginework(2)\maingameenginework\firstopengl\release\cshadermanager.obj
c:\users\jmc\downloads\maingameenginework(2)\maingameenginework\firstopengl\release\cshader.obj
c:\users\jmc\downloads\maingameenginework(2)\maingameenginework\firstopengl\release\cparticleemitter.obj
c:\users\jmc\downloads\maingameenginework(2)\maingameenginework\firstopengl\release\cmeshtypemanager_dynamicmesh.obj
c:\users\jmc\downloads\maingameenginework(2)\maingameenginework\firstopengl\release\cmeshtypemanager_debuglinebuffer.obj
c:\users\jmc\downloads\maingameenginework(2)\maingameenginework\firstopengl\release\cmeshtypemanager.obj
c:\users\jmc\downloads\maingameenginework(2)\maingameenginework\firstopengl\release\chrtimer.obj
c:\users\jmc\downloads\maingameenginework(2)\maingameenginework\firstopengl\release\cgameobject.obj
c:\users\jmc\downloads\maingameenginework(2)\maingameenginework\firstopengl\release\ccamera.obj
c:\users\jmc\downloads\maingameenginework(2)\maingameenginework\firstopengl\release\utilities.obj
c:\users\jmc\downloads\maingameenginework(2)\maingameenginework\firstopengl\release\themain.obj
c:\users\jmc\downloads\maingameenginework(2)\maingameenginework\firstopengl\release\ctexturefrombmp.obj
c:\users\jmc\downloads\maingameenginework(2)\maingameenginework\firstopengl\release\cbasictexturemanager.obj
c:\users\jmc\downloads\maingameenginework(2)\maingameenginework\firstopengl\release\c24bitbmppixel.obj
c:\users\jmc\downloads\maingameenginework(2)\maingameenginework\firstopengl\release\glad.obj
c:\users\jmc\downloads\maingameenginework(2)\maingameenginework\release\jengine.exe
c:\users\jmc\downloads\maingameenginework(2)\maingameenginework\release\jengine.ipdb
c:\users\jmc\downloads\maingameenginework(2)\maingameenginework\release\jengine.iobj
c:\users\jmc\downloads\maingameenginework(2)\maingameenginework\release\jengine.pdb
c:\users\jmc\downloads\maingameenginework(2)\maingameenginework\firstopengl\release\firstopengl.vcxprojresolveassemblyreference.cache
c:\users\jmc\downloads\maingameenginework(2)\maingameenginework\firstopengl\release\jengine.tlog\cl.command.1.tlog
c:\users\jmc\downloads\maingameenginework(2)\maingameenginework\firstopengl\release\jengine.tlog\cl.read.1.tlog
c:\users\jmc\downloads\maingameenginework(2)\maingameenginework\firstopengl\release\jengine.tlog\cl.write.1.tlog
c:\users\jmc\downloads\maingameenginework(2)\maingameenginework\firstopengl\release\jengine.tlog\link.command.1.tlog
c:\users\jmc\downloads\maingameenginework(2)\maingameenginework\firstopengl\release\jengine.tlog\link.read.1.tlog
c:\users\jmc\downloads\maingameenginework(2)\maingameenginework\firstopengl\release\jengine.tlog\link.write.1.tlog
